<?xml version="1.0" encoding="UTF-8"?>
<testng-results ignored="0" total="1" passed="1" failed="0" skipped="0">
  <reporter-output>
  </reporter-output>
  <suite started-at="2022-11-04T09:39:36 IST" name="Default suite" finished-at="2022-11-04T09:40:19 IST" duration-ms="42569">
    <groups>
    </groups>
    <test started-at="2022-11-04T09:39:36 IST" name="Default test" finished-at="2022-11-04T09:40:19 IST" duration-ms="42569">
      <class name="Scripting.Scenario3">
        <test-method is-config="true" signature="openApp()[pri:0, instance:Scripting.Scenario3@48974e45]" started-at="2022-11-04T09:39:36 IST" name="openApp" finished-at="2022-11-04T09:39:45 IST" duration-ms="8571" status="PASS">
          <reporter-output>
          </reporter-output>
        </test-method> <!-- openApp -->
        <test-method signature="tc3()[pri:0, instance:Scripting.Scenario3@48974e45]" started-at="2022-11-04T09:39:45 IST" name="tc3" finished-at="2022-11-04T09:40:18 IST" duration-ms="32659" status="PASS">
          <reporter-output>
          </reporter-output>
        </test-method> <!-- tc3 -->
        <test-method is-config="true" signature="closeApp(org.testng.ITestResult)[pri:0, instance:Scripting.Scenario3@48974e45]" started-at="2022-11-04T09:40:18 IST" name="closeApp" finished-at="2022-11-04T09:40:19 IST" duration-ms="1276" status="PASS">
          <params>
            <param index="0">
              <value>
                <![CDATA[[TestResult name=tc3 status=SUCCESS method=Scenario3.tc3()[pri:0, instance:Scripting.Scenario3@48974e45] output={null}]]]>
              </value>
            </param>
          </params>
          <reporter-output>
          </reporter-output>
        </test-method> <!-- closeApp -->
      </class> <!-- Scripting.Scenario3 -->
    </test> <!-- Default test -->
  </suite> <!-- Default suite -->
</testng-results>
